[ 2015-07-01T12:23:41+08:00 ] 127.0.0.1 /work/guan-tang/
INFO: [ app_init ] --START--
INFO: Run Behavior\BuildLiteBehavior [ RunTime:0.000062s ]
INFO: [ app_init ] --END-- [ RunTime:0.078018s ]
INFO: [ app_begin ] --START--
INFO: Run Behavior\ReadHtmlCacheBehavior [ RunTime:0.018240s ]
INFO: [ app_begin ] --END-- [ RunTime:0.018506s ]
SQL: SHOW COLUMNS FROM `wp_posts` [ RunTime:0.016718s ]
SQL: SELECT `post_author`,`post_date`,`post_date_gmt`,`post_content`,`post_title`,`post_excerpt`,`post_status`,`comment_status`,`ping_status`,`post_password`,`post_name`,`to_ping`,`pinged`,`post_modified`,`post_modified_gmt`,`post_content_filtered`,`post_parent`,`guid`,`menu_order`,`post_type`,`post_mime_type`,`comment_count` FROM `wp_posts` WHERE `post_type` = 'attachment' AND `post_excerpt` = 'case' ORDER BY post_date DESC LIMIT 5   [ RunTime:0.002318s ]
INFO: [ view_parse ] --START--
INFO: [ template_filter ] --START--
INFO: Run Behavior\ContentReplaceBehavior [ RunTime:0.000205s ]
INFO: [ template_filter ] --END-- [ RunTime:0.000340s ]
INFO: Run Behavior\ParseTemplateBehavior [ RunTime:0.317283s ]
INFO: [ view_parse ] --END-- [ RunTime:0.317444s ]
INFO: [ view_filter ] --START--
INFO: Run Behavior\WriteHtmlCacheBehavior [ RunTime:0.018016s ]
INFO: [ view_filter ] --END-- [ RunTime:0.018183s ]
INFO: [ app_end ] --START--
INFO: Run Behavior\ShowPageTraceBehavior [ RunTime:0.021440s ]
INFO: [ app_end ] --END-- [ RunTime:0.021792s ]

