[ 2015-11-26T10:57:55+08:00 ] 127.0.0.1 /git/guan-tang/
INFO: [ app_init ] --START--
INFO: Run Behavior\BuildLiteBehavior [ RunTime:0.000050s ]
INFO: [ app_init ] --END-- [ RunTime:0.013338s ]
INFO: [ app_begin ] --START--
INFO: Run Behavior\ReadHtmlCacheBehavior [ RunTime:0.002518s ]
INFO: [ app_begin ] --END-- [ RunTime:0.002670s ]
SQL: SHOW COLUMNS FROM `wp_posts` [ RunTime:0.074199s ]
SQL: SELECT `post_author`,`post_date`,`post_date_gmt`,`post_content`,`post_title`,`post_excerpt`,`post_status`,`comment_status`,`ping_status`,`post_password`,`post_name`,`to_ping`,`pinged`,`post_modified`,`post_modified_gmt`,`post_content_filtered`,`post_parent`,`guid`,`menu_order`,`post_type`,`post_mime_type`,`comment_count` FROM `wp_posts` WHERE `post_type` = 'attachment' AND `post_excerpt` = 'case' ORDER BY post_date DESC LIMIT 5   [ RunTime:0.095330s ]
INFO: [ view_parse ] --START--
INFO: [ template_filter ] --START--
INFO: Run Behavior\ContentReplaceBehavior [ RunTime:0.000174s ]
INFO: [ template_filter ] --END-- [ RunTime:0.000306s ]
INFO: Run Behavior\ParseTemplateBehavior [ RunTime:0.092351s ]
INFO: [ view_parse ] --END-- [ RunTime:0.092544s ]
INFO: [ view_filter ] --START--
INFO: Run Behavior\WriteHtmlCacheBehavior [ RunTime:0.011134s ]
INFO: [ view_filter ] --END-- [ RunTime:0.011271s ]
INFO: [ app_end ] --START--
INFO: Run Behavior\ShowPageTraceBehavior [ RunTime:0.002771s ]
INFO: [ app_end ] --END-- [ RunTime:0.002958s ]

[ 2015-11-26T10:58:31+08:00 ] 127.0.0.1 /git/guan-tang/index.php/Home/showCase/showcase.html
INFO: [ app_init ] --START--
INFO: Run Behavior\BuildLiteBehavior [ RunTime:0.000037s ]
INFO: [ app_init ] --END-- [ RunTime:0.001057s ]
INFO: [ app_begin ] --START--
INFO: Run Behavior\ReadHtmlCacheBehavior [ RunTime:0.001414s ]
INFO: [ app_begin ] --END-- [ RunTime:0.001536s ]
SQL: SHOW COLUMNS FROM `wp_posts` [ RunTime:0.006859s ]
SQL: SELECT `post_author`,`post_date`,`post_date_gmt`,`post_content`,`post_title`,`post_excerpt`,`post_status`,`comment_status`,`ping_status`,`post_password`,`post_name`,`to_ping`,`pinged`,`post_modified`,`post_modified_gmt`,`post_content_filtered`,`post_parent`,`guid`,`menu_order`,`post_type`,`post_mime_type`,`comment_count` FROM `wp_posts` WHERE `post_type` = 'attachment' AND `post_excerpt` = 'case' ORDER BY post_date DESC  [ RunTime:0.002672s ]
SQL: SHOW COLUMNS FROM `wp_term_taxonomy` [ RunTime:0.006605s ]
SQL: SELECT * FROM `wp_term_taxonomy` WHERE `parent` = 0 AND `count` = 0  [ RunTime:0.003629s ]
INFO: [ view_parse ] --START--
INFO: [ template_filter ] --START--
INFO: Run Behavior\ContentReplaceBehavior [ RunTime:0.000172s ]
INFO: [ template_filter ] --END-- [ RunTime:0.000292s ]
INFO: Run Behavior\ParseTemplateBehavior [ RunTime:0.062493s ]
INFO: [ view_parse ] --END-- [ RunTime:0.062645s ]
INFO: [ view_filter ] --START--
INFO: Run Behavior\WriteHtmlCacheBehavior [ RunTime:0.000786s ]
INFO: [ view_filter ] --END-- [ RunTime:0.000895s ]
INFO: [ app_end ] --START--
INFO: Run Behavior\ShowPageTraceBehavior [ RunTime:0.003281s ]
INFO: [ app_end ] --END-- [ RunTime:0.003520s ]

[ 2015-11-26T10:58:51+08:00 ] 127.0.0.1 /git/guan-tang/index.php/Home/Gallery/gallery/id/5
INFO: [ app_init ] --START--
INFO: Run Behavior\BuildLiteBehavior [ RunTime:0.000036s ]
INFO: [ app_init ] --END-- [ RunTime:0.001153s ]
INFO: [ app_begin ] --START--
INFO: Run Behavior\ReadHtmlCacheBehavior [ RunTime:0.001691s ]
INFO: [ app_begin ] --END-- [ RunTime:0.001817s ]
SQL: SHOW COLUMNS FROM `wp_term_taxonomy` [ RunTime:0.007745s ]
SQL: SELECT * FROM `wp_term_taxonomy` WHERE `parent` = '5'  [ RunTime:0.002675s ]
SQL: SELECT * FROM `wp_term_taxonomy` WHERE `parent` = 0 AND `count` = 0  [ RunTime:0.000729s ]
SQL: SHOW COLUMNS FROM `wp_posts` [ RunTime:0.006486s ]
SQL: SELECT * FROM `wp_posts` WHERE `post_type` = 'attachment'  [ RunTime:0.002809s ]
SQL: SELECT * FROM `wp_term_taxonomy` WHERE `parent` = '1' ORDER BY term_id DESC  [ RunTime:0.000832s ]
INFO: [ view_parse ] --START--
INFO: [ template_filter ] --START--
INFO: Run Behavior\ContentReplaceBehavior [ RunTime:0.000197s ]
INFO: [ template_filter ] --END-- [ RunTime:0.000318s ]
INFO: Run Behavior\ParseTemplateBehavior [ RunTime:0.043640s ]
INFO: [ view_parse ] --END-- [ RunTime:0.043797s ]
INFO: [ view_filter ] --START--
INFO: Run Behavior\WriteHtmlCacheBehavior [ RunTime:0.000981s ]
INFO: [ view_filter ] --END-- [ RunTime:0.001097s ]
INFO: [ app_end ] --START--
INFO: Run Behavior\ShowPageTraceBehavior [ RunTime:0.002511s ]
INFO: [ app_end ] --END-- [ RunTime:0.002696s ]

[ 2015-11-26T10:59:01+08:00 ] 127.0.0.1 /git/guan-tang/index.php/Home/Gallery/getGalleryByDate/id/5/date/2014
INFO: [ app_init ] --START--
INFO: Run Behavior\BuildLiteBehavior [ RunTime:0.000018s ]
INFO: [ app_init ] --END-- [ RunTime:0.000671s ]
INFO: [ app_begin ] --START--
INFO: Run Behavior\ReadHtmlCacheBehavior [ RunTime:0.000662s ]
INFO: [ app_begin ] --END-- [ RunTime:0.000726s ]
SQL: SHOW COLUMNS FROM `wp_term_taxonomy` [ RunTime:0.003171s ]
SQL: SELECT * FROM `wp_term_taxonomy` WHERE `parent` = '5'  [ RunTime:0.003141s ]
SQL: SELECT * FROM `wp_term_taxonomy` WHERE `parent` = 0 AND `count` = 0  [ RunTime:0.001100s ]
SQL: SHOW COLUMNS FROM `wp_posts` [ RunTime:0.007229s ]
SQL: SELECT * FROM `wp_posts` WHERE `post_type` = 'attachment' AND (  `post_date` LIKE '2014%' )  [ RunTime:0.002550s ]
SQL: SELECT * FROM `wp_term_taxonomy` WHERE `parent` = '1' ORDER BY term_id DESC  [ RunTime:0.000797s ]
INFO: [ view_parse ] --START--
INFO: [ template_filter ] --START--
INFO: Run Behavior\ContentReplaceBehavior [ RunTime:0.000198s ]
INFO: [ template_filter ] --END-- [ RunTime:0.000310s ]
INFO: Run Behavior\ParseTemplateBehavior [ RunTime:0.036685s ]
INFO: [ view_parse ] --END-- [ RunTime:0.036825s ]
INFO: [ view_filter ] --START--
INFO: Run Behavior\WriteHtmlCacheBehavior [ RunTime:0.000835s ]
INFO: [ view_filter ] --END-- [ RunTime:0.000946s ]
INFO: [ app_end ] --START--
INFO: Run Behavior\ShowPageTraceBehavior [ RunTime:0.002117s ]
INFO: [ app_end ] --END-- [ RunTime:0.002406s ]

[ 2015-11-26T10:59:08+08:00 ] 127.0.0.1 /git/guan-tang/index.php/Home/Gallery/gallery/id/12
INFO: [ app_init ] --START--
INFO: Run Behavior\BuildLiteBehavior [ RunTime:0.000037s ]
INFO: [ app_init ] --END-- [ RunTime:0.001075s ]
INFO: [ app_begin ] --START--
INFO: Run Behavior\ReadHtmlCacheBehavior [ RunTime:0.001381s ]
INFO: [ app_begin ] --END-- [ RunTime:0.001508s ]
SQL: SHOW COLUMNS FROM `wp_term_taxonomy` [ RunTime:0.006131s ]
SQL: SELECT * FROM `wp_term_taxonomy` WHERE `parent` = '12'  [ RunTime:0.002329s ]
SQL: SELECT * FROM `wp_term_taxonomy` WHERE `parent` = 0 AND `count` = 0  [ RunTime:0.000781s ]
SQL: SHOW COLUMNS FROM `wp_posts` [ RunTime:0.008815s ]
SQL: SELECT * FROM `wp_posts` WHERE `post_type` = 'attachment'  [ RunTime:0.003255s ]
SQL: SELECT * FROM `wp_term_taxonomy` WHERE `parent` = '1' ORDER BY term_id DESC  [ RunTime:0.000866s ]
INFO: [ view_parse ] --START--
INFO: [ template_filter ] --START--
INFO: Run Behavior\ContentReplaceBehavior [ RunTime:0.000195s ]
INFO: [ template_filter ] --END-- [ RunTime:0.000311s ]
INFO: Run Behavior\ParseTemplateBehavior [ RunTime:0.036309s ]
INFO: [ view_parse ] --END-- [ RunTime:0.036445s ]
INFO: [ view_filter ] --START--
INFO: Run Behavior\WriteHtmlCacheBehavior [ RunTime:0.000841s ]
INFO: [ view_filter ] --END-- [ RunTime:0.001017s ]
INFO: [ app_end ] --START--
INFO: Run Behavior\ShowPageTraceBehavior [ RunTime:0.001825s ]
INFO: [ app_end ] --END-- [ RunTime:0.001978s ]

[ 2015-11-26T10:59:39+08:00 ] 127.0.0.1 /git/guan-tang/index.php/Home/Gallery/gallery/id/5
INFO: [ app_init ] --START--
INFO: Run Behavior\BuildLiteBehavior [ RunTime:0.000035s ]
INFO: [ app_init ] --END-- [ RunTime:0.001038s ]
INFO: [ app_begin ] --START--
INFO: Run Behavior\ReadHtmlCacheBehavior [ RunTime:0.001387s ]
INFO: [ app_begin ] --END-- [ RunTime:0.001512s ]
SQL: SHOW COLUMNS FROM `wp_term_taxonomy` [ RunTime:0.005933s ]
SQL: SELECT * FROM `wp_term_taxonomy` WHERE `parent` = '5'  [ RunTime:0.002261s ]
SQL: SELECT * FROM `wp_term_taxonomy` WHERE `parent` = 0 AND `count` = 0  [ RunTime:0.000763s ]
SQL: SHOW COLUMNS FROM `wp_posts` [ RunTime:0.008124s ]
SQL: SELECT * FROM `wp_posts` WHERE `post_type` = 'attachment'  [ RunTime:0.003003s ]
SQL: SELECT * FROM `wp_term_taxonomy` WHERE `parent` = '1' ORDER BY term_id DESC  [ RunTime:0.000755s ]
INFO: [ view_parse ] --START--
INFO: [ template_filter ] --START--
INFO: Run Behavior\ContentReplaceBehavior [ RunTime:0.000195s ]
INFO: [ template_filter ] --END-- [ RunTime:0.000311s ]
INFO: Run Behavior\ParseTemplateBehavior [ RunTime:0.035637s ]
INFO: [ view_parse ] --END-- [ RunTime:0.035802s ]
INFO: [ view_filter ] --START--
INFO: Run Behavior\WriteHtmlCacheBehavior [ RunTime:0.001014s ]
INFO: [ view_filter ] --END-- [ RunTime:0.001138s ]
INFO: [ app_end ] --START--
INFO: Run Behavior\ShowPageTraceBehavior [ RunTime:0.001820s ]
INFO: [ app_end ] --END-- [ RunTime:0.001972s ]

[ 2015-11-26T10:59:41+08:00 ] 127.0.0.1 /git/guan-tang/index.php/Home/showCase/showcase.html
INFO: [ app_init ] --START--
INFO: Run Behavior\BuildLiteBehavior [ RunTime:0.000018s ]
INFO: [ app_init ] --END-- [ RunTime:0.000507s ]
INFO: [ app_begin ] --START--
INFO: Run Behavior\ReadHtmlCacheBehavior [ RunTime:0.000787s ]
INFO: [ app_begin ] --END-- [ RunTime:0.000870s ]
SQL: SHOW COLUMNS FROM `wp_posts` [ RunTime:0.004048s ]
SQL: SELECT `post_author`,`post_date`,`post_date_gmt`,`post_content`,`post_title`,`post_excerpt`,`post_status`,`comment_status`,`ping_status`,`post_password`,`post_name`,`to_ping`,`pinged`,`post_modified`,`post_modified_gmt`,`post_content_filtered`,`post_parent`,`guid`,`menu_order`,`post_type`,`post_mime_type`,`comment_count` FROM `wp_posts` WHERE `post_type` = 'attachment' AND `post_excerpt` = 'case' ORDER BY post_date DESC  [ RunTime:0.001242s ]
SQL: SHOW COLUMNS FROM `wp_term_taxonomy` [ RunTime:0.002820s ]
SQL: SELECT * FROM `wp_term_taxonomy` WHERE `parent` = 0 AND `count` = 0  [ RunTime:0.001715s ]
INFO: [ view_parse ] --START--
INFO: [ template_filter ] --START--
INFO: Run Behavior\ContentReplaceBehavior [ RunTime:0.000097s ]
INFO: [ template_filter ] --END-- [ RunTime:0.000179s ]
INFO: Run Behavior\ParseTemplateBehavior [ RunTime:0.015103s ]
INFO: [ view_parse ] --END-- [ RunTime:0.015197s ]
INFO: [ view_filter ] --START--
INFO: Run Behavior\WriteHtmlCacheBehavior [ RunTime:0.000531s ]
INFO: [ view_filter ] --END-- [ RunTime:0.000608s ]
INFO: [ app_end ] --START--
INFO: Run Behavior\ShowPageTraceBehavior [ RunTime:0.000957s ]
INFO: [ app_end ] --END-- [ RunTime:0.001049s ]

[ 2015-11-26T10:59:44+08:00 ] 127.0.0.1 /git/guan-tang/index.php/Home/showDetail/getDetailByExcerpt/excerpt/%E6%B5%B7%E5%8D%97%E5%A4%A7%E4%B8%9C%E6%B5%B7%E6%B8%94%E6%B8%AF
INFO: [ app_init ] --START--
INFO: Run Behavior\BuildLiteBehavior [ RunTime:0.000051s ]
INFO: [ app_init ] --END-- [ RunTime:0.001601s ]
INFO: [ app_begin ] --START--
INFO: Run Behavior\ReadHtmlCacheBehavior [ RunTime:0.000887s ]
INFO: [ app_begin ] --END-- [ RunTime:0.000990s ]
SQL: SHOW COLUMNS FROM `wp_posts` [ RunTime:0.003181s ]
SQL: SELECT `post_author`,`post_date`,`post_date_gmt`,`post_content`,`post_title`,`post_excerpt`,`post_status`,`comment_status`,`ping_status`,`post_password`,`post_name`,`to_ping`,`pinged`,`post_modified`,`post_modified_gmt`,`post_content_filtered`,`post_parent`,`guid`,`menu_order`,`post_type`,`post_mime_type`,`comment_count` FROM `wp_posts` WHERE `post_excerpt` = '海南大东海渔港' LIMIT 5   [ RunTime:0.001132s ]
SQL: SELECT `post_author`,`post_date`,`post_date_gmt`,`post_content`,`post_title`,`post_excerpt`,`post_status`,`comment_status`,`ping_status`,`post_password`,`post_name`,`to_ping`,`pinged`,`post_modified`,`post_modified_gmt`,`post_content_filtered`,`post_parent`,`guid`,`menu_order`,`post_type`,`post_mime_type`,`comment_count` FROM `wp_posts` WHERE `post_title` = '海南大东海渔港'  [ RunTime:0.000410s ]
SQL: SHOW COLUMNS FROM `wp_posts` [ RunTime:0.005857s ]
SQL: SELECT * FROM `wp_posts` WHERE `post_type` = 'attachment' AND `post_excerpt` = 'case' ORDER BY rand() LIMIT 4   [ RunTime:0.024115s ]
INFO: [ view_parse ] --START--
INFO: [ template_filter ] --START--
INFO: Run Behavior\ContentReplaceBehavior [ RunTime:0.000162s ]
INFO: [ template_filter ] --END-- [ RunTime:0.000248s ]
INFO: Run Behavior\ParseTemplateBehavior [ RunTime:0.043903s ]
INFO: [ view_parse ] --END-- [ RunTime:0.043989s ]
INFO: [ view_filter ] --START--
INFO: Run Behavior\WriteHtmlCacheBehavior [ RunTime:0.000509s ]
INFO: [ view_filter ] --END-- [ RunTime:0.000554s ]
INFO: [ app_end ] --START--
INFO: Run Behavior\ShowPageTraceBehavior [ RunTime:0.000957s ]
INFO: [ app_end ] --END-- [ RunTime:0.001070s ]

